{"name": "test_skipper_dms", "status": "broken", "statusDetails": {"message": "selenium.common.exceptions.InvalidArgumentException: Message: invalid argument: 'using' must be a string\n  (Session info: chrome=141.0.7390.66)\nStacktrace:\n\tGetHandleVerifier [0x0x7ff7a1d0e8e5+80021]\n\tGetHandleVerifier [0x0x7ff7a1d0e940+80112]\n\t(No symbol) [0x0x7ff7a1a9060f]\n\t(No symbol) [0x0x7ff7a1ae861e]\n\t(No symbol) [0x0x7ff7a1ae8b1c]\n\t(No symbol) [0x0x7ff7a1b3c927]\n\t(No symbol) [0x0x7ff7a1b1126f]\n\t(No symbol) [0x0x7ff7a1b3968a]\n\t(No symbol) [0x0x7ff7a1b11003]\n\t(No symbol) [0x0x7ff7a1ad95d1]\n\t(No symbol) [0x0x7ff7a1ada3f3]\n\tGetHandleVerifier [0x0x7ff7a1fcdc7d+2960429]\n\tGetHandleVerifier [0x0x7ff7a1fc7f3a+2936554]\n\tGetHandleVerifier [0x0x7ff7a1fe8977+3070247]\n\tGetHandleVerifier [0x0x7ff7a1d283ce+185214]\n\tGetHandleVerifier [0x0x7ff7a1d2fe1f+216527]\n\tGetHandleVerifier [0x0x7ff7a1d17b24+117460]\n\tGetHandleVerifier [0x0x7ff7a1d17cdf+117903]\n\tGetHandleVerifier [0x0x7ff7a1cfdbb8+11112]\n\tBaseThreadInitThunk [0x0x7fffadde259d+29]\n\tRtlUserThreadStart [0x0x7fffae9eaf78+40]", "trace": "setup = <selenium.webdriver.chrome.webdriver.WebDriver (session=\"3b295a396a7dc10dc8d6d156fac6b8e2\")>\n\n    @allure.epic(\"Dhanuka Login Test\")\n    @allure.feature(\"TC#1 Dhanuka Positive Test\")\n    @pytest.mark.positive\n    \n    def test_skipper_dms(setup):\n        login_page = LoginPageSkipper(driver=setup)\n        login_page.login_to_skipper(usr=\"D001\", pwd=\"Dist@123\")\n    \n        dms_Page = DMSPageSkipper(driver=setup)\n        dms_Page.get_prime_page()\n        time.sleep(10)\n    \n        retailer_invoice_Page = DMSPageSkipper(driver=setup)\n>       retailer_invoice_Page.get_retailer_invoice()\n\ntest_skipper_dms.py:40: \n_ _ _ _ _ _ _ _ _ _ _ _ _ _ _ _ _ _ _ _ _ _ _ _ _ _ _ _ _ _ _ _ _ _ _ _ _ _ _ _\n..\\pageObjectsSkipper\\dmsPage.py:34: in get_retailer_invoice\n    self.driver.find_element(self.retailer_invoice).click()\n    ^^^^^^^^^^^^^^^^^^^^^^^^^^^^^^^^^^^^^^^^^^^^^^^\n..\\..\\.venv\\Lib\\site-packages\\selenium\\webdriver\\remote\\webdriver.py:926: in find_element\n    return self.execute(Command.FIND_ELEMENT, {\"using\": by, \"value\": value})[\"value\"]\n           ^^^^^^^^^^^^^^^^^^^^^^^^^^^^^^^^^^^^^^^^^^^^^^^^^^^^^^^^^^^^^^^^^\n..\\..\\.venv\\Lib\\site-packages\\selenium\\webdriver\\remote\\webdriver.py:458: in execute\n    self.error_handler.check_response(response)\n_ _ _ _ _ _ _ _ _ _ _ _ _ _ _ _ _ _ _ _ _ _ _ _ _ _ _ _ _ _ _ _ _ _ _ _ _ _ _ _\n\nself = <selenium.webdriver.remote.errorhandler.ErrorHandler object at 0x0000022B5AEE1E80>\nresponse = {'status': 400, 'value': '{\"value\":{\"error\":\"invalid argument\",\"message\":\"invalid argument: \\'using\\' must be a string...ff7a1cfdbb8+11112]\\\\n\\\\tBaseThreadInitThunk [0x0x7fffadde259d+29]\\\\n\\\\tRtlUserThreadStart [0x0x7fffae9eaf78+40]\\\\n\"}}'}\n\n    def check_response(self, response: dict[str, Any]) -> None:\n        \"\"\"Checks that a JSON response from the WebDriver does not have an\n        error.\n    \n        :Args:\n         - response - The JSON response from the WebDriver server as a dictionary\n           object.\n    \n        :Raises: If the response contains an error message.\n        \"\"\"\n        status = response.get(\"status\", None)\n        if not status or status == ErrorCode.SUCCESS:\n            return\n        value = None\n        message = response.get(\"message\", \"\")\n        screen: str = response.get(\"screen\", \"\")\n        stacktrace = None\n        if isinstance(status, int):\n            value_json = response.get(\"value\", None)\n            if value_json and isinstance(value_json, str):\n                try:\n                    value = json.loads(value_json)\n                    if isinstance(value, dict):\n                        if len(value) == 1:\n                            value = value[\"value\"]\n                        status = value.get(\"error\", None)\n                        if not status:\n                            status = value.get(\"status\", ErrorCode.UNKNOWN_ERROR)\n                            message = value.get(\"value\") or value.get(\"message\")\n                            if not isinstance(message, str):\n                                value = message\n                                message = message.get(\"message\") if isinstance(message, dict) else None\n                        else:\n                            message = value.get(\"message\", None)\n                except ValueError:\n                    pass\n    \n        exception_class: type[WebDriverException]\n        e = ErrorCode()\n        error_codes = [item for item in dir(e) if not item.startswith(\"__\")]\n        for error_code in error_codes:\n            error_info = getattr(ErrorCode, error_code)\n            if isinstance(error_info, list) and status in error_info:\n                exception_class = getattr(ExceptionMapping, error_code, WebDriverException)\n                break\n        else:\n            exception_class = WebDriverException\n    \n        if not value:\n            value = response[\"value\"]\n        if isinstance(value, str):\n            raise exception_class(value)\n        if message == \"\" and \"message\" in value:\n            message = value[\"message\"]\n    \n        screen = None  # type: ignore[assignment]\n        if \"screen\" in value:\n            screen = value[\"screen\"]\n    \n        stacktrace = None\n        st_value = value.get(\"stackTrace\") or value.get(\"stacktrace\")\n        if st_value:\n            if isinstance(st_value, str):\n                stacktrace = st_value.split(\"\\n\")\n            else:\n                stacktrace = []\n                try:\n                    for frame in st_value:\n                        line = frame.get(\"lineNumber\", \"\")\n                        file = frame.get(\"fileName\", \"<anonymous>\")\n                        if line:\n                            file = f\"{file}:{line}\"\n                        meth = frame.get(\"methodName\", \"<anonymous>\")\n                        if \"className\" in frame:\n                            meth = f\"{frame['className']}.{meth}\"\n                        msg = \"    at %s (%s)\"\n                        msg = msg % (meth, file)\n                        stacktrace.append(msg)\n                except TypeError:\n                    pass\n        if exception_class == UnexpectedAlertPresentException:\n            alert_text = None\n            if \"data\" in value:\n                alert_text = value[\"data\"].get(\"text\")\n            elif \"alert\" in value:\n                alert_text = value[\"alert\"].get(\"text\")\n            raise exception_class(message, screen, stacktrace, alert_text)  # type: ignore[call-arg]  # mypy is not smart enough here\n>       raise exception_class(message, screen, stacktrace)\nE       selenium.common.exceptions.InvalidArgumentException: Message: invalid argument: 'using' must be a string\nE         (Session info: chrome=141.0.7390.66)\nE       Stacktrace:\nE       \tGetHandleVerifier [0x0x7ff7a1d0e8e5+80021]\nE       \tGetHandleVerifier [0x0x7ff7a1d0e940+80112]\nE       \t(No symbol) [0x0x7ff7a1a9060f]\nE       \t(No symbol) [0x0x7ff7a1ae861e]\nE       \t(No symbol) [0x0x7ff7a1ae8b1c]\nE       \t(No symbol) [0x0x7ff7a1b3c927]\nE       \t(No symbol) [0x0x7ff7a1b1126f]\nE       \t(No symbol) [0x0x7ff7a1b3968a]\nE       \t(No symbol) [0x0x7ff7a1b11003]\nE       \t(No symbol) [0x0x7ff7a1ad95d1]\nE       \t(No symbol) [0x0x7ff7a1ada3f3]\nE       \tGetHandleVerifier [0x0x7ff7a1fcdc7d+2960429]\nE       \tGetHandleVerifier [0x0x7ff7a1fc7f3a+2936554]\nE       \tGetHandleVerifier [0x0x7ff7a1fe8977+3070247]\nE       \tGetHandleVerifier [0x0x7ff7a1d283ce+185214]\nE       \tGetHandleVerifier [0x0x7ff7a1d2fe1f+216527]\nE       \tGetHandleVerifier [0x0x7ff7a1d17b24+117460]\nE       \tGetHandleVerifier [0x0x7ff7a1d17cdf+117903]\nE       \tGetHandleVerifier [0x0x7ff7a1cfdbb8+11112]\nE       \tBaseThreadInitThunk [0x0x7fffadde259d+29]\nE       \tRtlUserThreadStart [0x0x7fffae9eaf78+40]\n\n..\\..\\.venv\\Lib\\site-packages\\selenium\\webdriver\\remote\\errorhandler.py:232: InvalidArgumentException"}, "start": 1761282364521, "stop": 1761282380868, "uuid": "43ca7b1c-5b10-450e-b559-53b57f75a33e", "historyId": "a43780839306c2bf403f7feec5f6ed7f", "testCaseId": "a43780839306c2bf403f7feec5f6ed7f", "fullName": "skipperLoginTests.test_skipper_dms#test_skipper_dms", "labels": [{"name": "feature", "value": "TC#1 Dhanuka Positive Test"}, {"name": "epic", "value": "Dhanuka Login Test"}, {"name": "tag", "value": "positive"}, {"name": "parentSuite", "value": "skipperLoginTests"}, {"name": "suite", "value": "test_skipper_dms"}, {"name": "host", "value": "LAPTOP-8QAHHRNN"}, {"name": "thread", "value": "1148-MainThread"}, {"name": "framework", "value": "pytest"}, {"name": "language", "value": "cpython3"}, {"name": "package", "value": "skipperLoginTests.test_skipper_dms"}], "titlePath": ["skipperLoginTests", "test_skipper_dms.py"]}